<?xml version="1.0" encoding="UTF-8"?>
<!-- Generated by org.testng.reporters.JUnitXMLReporter -->
<testsuite ignored="3" hostname="LAPTOP-7370JH3G" failures="0" tests="3" name="Regresssion 1" time="16.231" errors="0" timestamp="2022-06-09T16:24:18 IST">
  <testcase classname="testng.GoogleTest" name="advertising" time="2.336"/>
  <testcase classname="testng.GoogleTest" name="search" time="1.338"/>
  <testcase classname="testng.RediffLoginTest" name="invalidLogin" time="1.448"/>
  <testcase classname="testng.GoogleTest" name="gmail" time="0.0">
    <ignored/>
  </testcase> <!-- gmail -->
  <testcase classname="testng.RediffLoginTest" name="validLogin" time="0.0">
    <ignored/>
  </testcase> <!-- validLogin -->
  <testcase classname="testng.GoogleTest" name="images" time="0.0">
    <ignored/>
  </testcase> <!-- images -->
</testsuite> <!-- Regresssion 1 -->
