<?xml version="1.0" encoding="UTF-8"?>
<!-- Generated by org.testng.reporters.JUnitXMLReporter -->
<testsuite ignored="3" hostname="LAPTOP-7370JH3G" failures="0" tests="3" name="top" time="22.242" errors="0" timestamp="2022-06-09T16:26:42 IST">
  <testcase classname="testng.GoogleTest" name="gmail" time="3.345"/>
  <testcase classname="testng.GoogleTest" name="images" time="0.733"/>
  <testcase classname="testng.RediffLoginTest" name="validLogin" time="7.23"/>
  <testcase classname="testng.GoogleTest" name="advertising" time="0.0">
    <ignored/>
  </testcase> <!-- advertising -->
  <testcase classname="testng.GoogleTest" name="search" time="0.0">
    <ignored/>
  </testcase> <!-- search -->
  <testcase classname="testng.RediffLoginTest" name="invalidLogin" time="0.0">
    <ignored/>
  </testcase> <!-- invalidLogin -->
</testsuite> <!-- top -->
