<?xml version="1.0" encoding="UTF-8"?>
<!-- Generated by org.testng.reporters.JUnitXMLReporter -->
<testsuite ignored="0" hostname="LAPTOP-7370JH3G" failures="0" tests="6" name="Regression 1" time="28.344" errors="0" timestamp="2022-06-09T15:17:36 IST">
  <testcase classname="testngassignment.AmazonSearchTest" name="invalidSearch" time="1.809"/>
  <testcase classname="testngassignment.AmazonSearchTest" name="validSearch" time="1.828"/>
  <testcase classname="testng.GoogleTest" name="gmail" time="3.436"/>
  <testcase classname="testng.GoogleTest" name="images" time="0.788"/>
  <testcase classname="testng.GoogleTest" name="advertising" time="1.937"/>
  <testcase classname="testng.GoogleTest" name="search" time="1.134"/>
</testsuite> <!-- Regression 1 -->
