<?xml version="1.0" encoding="UTF-8"?>
<!-- Generated by org.testng.reporters.JUnitXMLReporter -->
<testsuite ignored="0" hostname="LAPTOP-7370JH3G" failures="0" tests="8" name="Regression 2" time="49.271" errors="0" timestamp="2022-06-08T16:48:36 IST">
  <testcase classname="testng.GoogleTest" name="gmail" time="4.113"/>
  <testcase classname="testng.GoogleTest" name="images" time="0.857"/>
  <testcase classname="testng.GoogleTest" name="advertising" time="2.192"/>
  <testcase classname="testng.GoogleTest" name="search" time="1.648"/>
  <testcase classname="testngassignment.AmazonSearchTest" name="invalidSearch" time="4.96"/>
  <testcase classname="testngassignment.AmazonSearchTest" name="validSearch" time="3.226"/>
  <testcase classname="testng.RediffLoginTest" name="invalidLogin" time="3.301"/>
  <testcase classname="testng.RediffLoginTest" name="validLogin" time="4.299"/>
</testsuite> <!-- Regression 2 -->
