<?xml version="1.0" encoding="UTF-8"?>
<!-- Generated by org.testng.reporters.JUnitXMLReporter -->
<testsuite ignored="1" hostname="LAPTOP-7370JH3G" failures="0" tests="3" name="Retest 1" time="15.569" errors="0" timestamp="2022-06-09T16:01:45 IST">
  <testcase classname="testng.GoogleTest" name="images" time="1.245"/>
  <testcase classname="testng.GoogleTest" name="advertising" time="2.556"/>
  <testcase classname="testng.GoogleTest" name="search" time="2.0"/>
  <testcase classname="testng.GoogleTest" name="gmail" time="0.0">
    <ignored/>
  </testcase> <!-- gmail -->
</testsuite> <!-- Retest 1 -->
